Name                                              Stmts   Miss  Cover   Missing
-------------------------------------------------------------------------------
src/sparkchecker/bin/_base.py                         4      0   100%
src/sparkchecker/bin/_column_expectations.py        136      0   100%
src/sparkchecker/bin/_dataframe_expectations.py      91      0   100%
src/sparkchecker/bin/_expectations_factory.py        47      0   100%
src/sparkchecker/bin/_result_factory.py               0      0   100%
src/sparkchecker/bin/_yaml_parser.py                121      0   100%
src/sparkchecker/constants.py                         6      0   100%
src/sparkchecker/ext/_decorators.py                  80      0   100%
src/sparkchecker/ext/_utils.py                       78      0   100%
src/sparkchecker/module/sparkchecker.py              17      0   100%
-------------------------------------------------------------------------------
TOTAL                                               580      0   100%
